[2025-02-05 07:29:42] local.ERROR: There are no commands defined in the "mirgration" namespace. {"exception":"[object] (Symfony\\Component\\Console\\Exception\\NamespaceNotFoundException(code: 0): There are no commands defined in the \"mirgration\" namespace. at /home/bullockz/most/most/most/vendor/symfony/console/Application.php:660)
[stacktrace]
#0 /home/bullockz/most/most/most/vendor/symfony/console/Application.php(709): Symfony\\Component\\Console\\Application->findNamespace()
#1 /home/bullockz/most/most/most/vendor/symfony/console/Application.php(284): Symfony\\Component\\Console\\Application->find()
#2 /home/bullockz/most/most/most/vendor/symfony/console/Application.php(193): Symfony\\Component\\Console\\Application->doRun()
#3 /home/bullockz/most/most/most/vendor/laravel/framework/src/Illuminate/Foundation/Console/Kernel.php(198): Symfony\\Component\\Console\\Application->run()
#4 /home/bullockz/most/most/most/vendor/laravel/framework/src/Illuminate/Foundation/Application.php(1231): Illuminate\\Foundation\\Console\\Kernel->handle()
#5 /home/bullockz/most/most/most/artisan(13): Illuminate\\Foundation\\Application->handleCommand()
#6 {main}
"} 
[2025-02-05 07:29:49] local.ERROR: There are no commands defined in the "mirgrate" namespace.

Did you mean this?
    migrate {"exception":"[object] (Symfony\\Component\\Console\\Exception\\NamespaceNotFoundException(code: 0): There are no commands defined in the \"mirgrate\" namespace.

Did you mean this?
    migrate at /home/bullockz/most/most/most/vendor/symfony/console/Application.php:660)
[stacktrace]
#0 /home/bullockz/most/most/most/vendor/symfony/console/Application.php(709): Symfony\\Component\\Console\\Application->findNamespace()
#1 /home/bullockz/most/most/most/vendor/symfony/console/Application.php(284): Symfony\\Component\\Console\\Application->find()
#2 /home/bullockz/most/most/most/vendor/symfony/console/Application.php(193): Symfony\\Component\\Console\\Application->doRun()
#3 /home/bullockz/most/most/most/vendor/laravel/framework/src/Illuminate/Foundation/Console/Kernel.php(198): Symfony\\Component\\Console\\Application->run()
#4 /home/bullockz/most/most/most/vendor/laravel/framework/src/Illuminate/Foundation/Application.php(1231): Illuminate\\Foundation\\Console\\Kernel->handle()
#5 /home/bullockz/most/most/most/artisan(13): Illuminate\\Foundation\\Application->handleCommand()
#6 {main}
"} 
[2025-02-05 07:29:59] local.ERROR: There are no commands defined in the "migration" namespace.

Did you mean this?
    migrate {"exception":"[object] (Symfony\\Component\\Console\\Exception\\NamespaceNotFoundException(code: 0): There are no commands defined in the \"migration\" namespace.

Did you mean this?
    migrate at /home/bullockz/most/most/most/vendor/symfony/console/Application.php:660)
[stacktrace]
#0 /home/bullockz/most/most/most/vendor/symfony/console/Application.php(709): Symfony\\Component\\Console\\Application->findNamespace()
#1 /home/bullockz/most/most/most/vendor/symfony/console/Application.php(284): Symfony\\Component\\Console\\Application->find()
#2 /home/bullockz/most/most/most/vendor/symfony/console/Application.php(193): Symfony\\Component\\Console\\Application->doRun()
#3 /home/bullockz/most/most/most/vendor/laravel/framework/src/Illuminate/Foundation/Console/Kernel.php(198): Symfony\\Component\\Console\\Application->run()
#4 /home/bullockz/most/most/most/vendor/laravel/framework/src/Illuminate/Foundation/Application.php(1231): Illuminate\\Foundation\\Console\\Kernel->handle()
#5 /home/bullockz/most/most/most/artisan(13): Illuminate\\Foundation\\Application->handleCommand()
#6 {main}
"} 
